<?xml version="1.0" encoding="UTF-8"?>
<!-- Generated by org.testng.reporters.JUnitXMLReporter -->
<testsuite hostname="Vidya" name="Test2" tests="1" failures="1" timestamp="20 Oct 2019 12:47:13 GMT" time="0.426" errors="0">
  <testcase name="performPracticeTable" time="0.373" classname="org.utest.com.tests.TC_001_PracticeTableTest">
    <failure type="java.lang.NullPointerException">
      <![CDATA[java.lang.NullPointerException
	at java.util.Objects.requireNonNull(Objects.java:203)
	at org.openqa.selenium.interactions.Actions.<init>(Actions.java:65)
	at org.utest.com.pages.PracticeTablePage.getDataFromTheTable(PracticeTablePage.java:45)
	at org.utest.com.tests.TC_001_PracticeTableTest.performPracticeTable(TC_001_PracticeTableTest.java:14)
... Removed 24 stack frames]]>
    </failure>
  </testcase> <!-- performPracticeTable -->
</testsuite> <!-- Test2 -->
